1701750463319	geckodriver	INFO	Listening on 127.0.0.1:53200
1701750466348	mozrunner::runner	INFO	Running command: "C:\\Program Files\\Mozilla Firefox\\firefox.exe" "--marionette" "--remote-debugging-port" "53201" "--remote ... no-remote" "-profile" "c:\\Users\\muhammad.mahendra\\AppData\\Local\\robocorp\\temp\\cd919e0388c65f01\\rust_mozprofileQzvPLI"
console.warn: services.settings: Ignoring preference override of remote settings server
console.warn: services.settings: Allow by setting MOZ_REMOTE_SETTINGS_DEVTOOLS=1 in the environment
1701750466775	Marionette	INFO	Marionette enabled
Dynamically enable window occlusion 0
1701750466867	Marionette	INFO	Listening on port 53210
WebDriver BiDi listening on ws://127.0.0.1:53201
Read port: 53210
1701750467229	RemoteAgent	WARN	TLS certificate errors will be ignored for this session
DevTools listening on ws://127.0.0.1:53201/devtools/browser/9fc29c35-9031-4e10-81b6-99f2562b5b19
console.warn: LoginRecipes: "Falling back to a synchronous message for: https://robotsparebinindustries.com."
console.warn: LoginRecipes: "Falling back to a synchronous message for: https://robotsparebinindustries.com."
console.warn: LoginRecipes: "Falling back to a synchronous message for: https://robotsparebinindustries.com."
console.warn: LoginRecipes: "Falling back to a synchronous message for: https://robotsparebinindustries.com."
console.warn: LoginRecipes: "Falling back to a synchronous message for: https://robotsparebinindustries.com."
console.warn: LoginRecipes: "Falling back to a synchronous message for: https://robotsparebinindustries.com."
console.warn: LoginRecipes: "Falling back to a synchronous message for: https://robotsparebinindustries.com."
console.warn: LoginRecipes: "Falling back to a synchronous message for: https://robotsparebinindustries.com."
console.warn: LoginRecipes: "Falling back to a synchronous message for: https://robotsparebinindustries.com."
console.warn: LoginRecipes: "Falling back to a synchronous message for: https://robotsparebinindustries.com."
1701750496706	Marionette	INFO	Stopped listening on port 53210
Dynamically enable window occlusion 1
console.error: (new Error("Polling for changes failed: NetworkError: Network request failed.", "resource://services-settings/remote-settings.sys.mjs", 321))
1701750497506	addons.xpi	ERROR	System addon update list error Error: Failed downloading XML, status: 0, channelStatus: 2147500036, errorCode: 2, reason: error
console.error: Region.sys.mjs: "Error fetching region" (new TypeError("NetworkError when attempting to fetch resource.", ""))
console.error: Region.sys.mjs: "Failed to fetch region" (new Error("NO_RESULT", "resource://gre/modules/Region.sys.mjs", 411))
