1701750765910	geckodriver	INFO	Listening on 127.0.0.1:53552
1701750768945	mozrunner::runner	INFO	Running command: "C:\\Program Files\\Mozilla Firefox\\firefox.exe" "--marionette" "--remote-debugging-port" "53553" "--remote ... no-remote" "-profile" "c:\\Users\\muhammad.mahendra\\AppData\\Local\\robocorp\\temp\\adfc802716eb7418\\rust_mozprofileINxR97"
console.warn: services.settings: Ignoring preference override of remote settings server
console.warn: services.settings: Allow by setting MOZ_REMOTE_SETTINGS_DEVTOOLS=1 in the environment
1701750769373	Marionette	INFO	Marionette enabled
Dynamically enable window occlusion 0
1701750769471	Marionette	INFO	Listening on port 53562
WebDriver BiDi listening on ws://127.0.0.1:53553
Read port: 53562
1701750769770	RemoteAgent	WARN	TLS certificate errors will be ignored for this session
DevTools listening on ws://127.0.0.1:53553/devtools/browser/3adb3c11-71d0-4d6b-a6d6-7c015bac456e
console.warn: LoginRecipes: "Falling back to a synchronous message for: https://robotsparebinindustries.com."
console.warn: LoginRecipes: "Falling back to a synchronous message for: https://robotsparebinindustries.com."
console.warn: LoginRecipes: "Falling back to a synchronous message for: https://robotsparebinindustries.com."
console.warn: LoginRecipes: "Falling back to a synchronous message for: https://robotsparebinindustries.com."
console.warn: LoginRecipes: "Falling back to a synchronous message for: https://robotsparebinindustries.com."
console.warn: LoginRecipes: "Falling back to a synchronous message for: https://robotsparebinindustries.com."
console.warn: LoginRecipes: "Falling back to a synchronous message for: https://robotsparebinindustries.com."
console.warn: LoginRecipes: "Falling back to a synchronous message for: https://robotsparebinindustries.com."
console.warn: LoginRecipes: "Falling back to a synchronous message for: https://robotsparebinindustries.com."
console.warn: LoginRecipes: "Falling back to a synchronous message for: https://robotsparebinindustries.com."
1701750799616	addons.xpi	ERROR	System addon update list error SyntaxError: XMLHttpRequest.open: 'http://%(server)s/dummy-system-addons.xml' is not a valid URL.
1701750800994	Marionette	INFO	Stopped listening on port 53562
Dynamically enable window occlusion 1
console.warn: services.settings: main/doh-providers sync interrupted by shutdown
console.warn: services.settings: main/doh-config sync interrupted by shutdown
console.warn: services.settings: main/devtools-devices sync interrupted by shutdown
console.warn: services.settings: main/websites-with-shared-credential-backends sync interrupted by shutdown
console.warn: services.settings: main/addons-manager-settings sync interrupted by shutdown
console.warn: services.settings: main/partitioning-exempt-urls sync interrupted by shutdown
console.warn: services.settings: main/query-stripping sync interrupted by shutdown
console.warn: services.settings: main/search-telemetry-v2 sync interrupted by shutdown
console.warn: services.settings: main/translations-models sync interrupted by shutdown
console.warn: services.settings: security-state/cert-revocations sync interrupted by shutdown
console.warn: services.settings: security-state/onecrl sync interrupted by shutdown
console.warn: services.settings: security-state/intermediates sync interrupted by shutdown
