1701750678310	geckodriver	INFO	Listening on 127.0.0.1:53432
1701750681358	mozrunner::runner	INFO	Running command: "C:\\Program Files\\Mozilla Firefox\\firefox.exe" "--marionette" "--remote-debugging-port" "53433" "--remote ... no-remote" "-profile" "c:\\Users\\muhammad.mahendra\\AppData\\Local\\robocorp\\temp\\c22a155fc7b896d8\\rust_mozprofileFKnHgp"
console.warn: services.settings: Ignoring preference override of remote settings server
console.warn: services.settings: Allow by setting MOZ_REMOTE_SETTINGS_DEVTOOLS=1 in the environment
1701750681809	Marionette	INFO	Marionette enabled
Dynamically enable window occlusion 0
1701750681911	Marionette	INFO	Listening on port 53443
WebDriver BiDi listening on ws://127.0.0.1:53433
Read port: 53443
1701750682226	RemoteAgent	WARN	TLS certificate errors will be ignored for this session
DevTools listening on ws://127.0.0.1:53433/devtools/browser/654e12ba-2f74-4fd8-abce-2d89b029d8a5
console.warn: LoginRecipes: "Falling back to a synchronous message for: https://robotsparebinindustries.com."
console.warn: LoginRecipes: "Falling back to a synchronous message for: https://robotsparebinindustries.com."
console.warn: LoginRecipes: "Falling back to a synchronous message for: https://robotsparebinindustries.com."
console.warn: LoginRecipes: "Falling back to a synchronous message for: https://robotsparebinindustries.com."
console.warn: LoginRecipes: "Falling back to a synchronous message for: https://robotsparebinindustries.com."
console.warn: LoginRecipes: "Falling back to a synchronous message for: https://robotsparebinindustries.com."
console.warn: LoginRecipes: "Falling back to a synchronous message for: https://robotsparebinindustries.com."
console.warn: LoginRecipes: "Falling back to a synchronous message for: https://robotsparebinindustries.com."
console.warn: LoginRecipes: "Falling back to a synchronous message for: https://robotsparebinindustries.com."
1701750707532	Marionette	INFO	Stopped listening on port 53443
Dynamically enable window occlusion 1
